<?xml version="1.0" encoding="UTF-8"?>
<!-- Generated by org.testng.reporters.JUnitReportReporter -->
<testsuite hostname="DESKTOP-NODC9QO" failures="0" tests="1" name="packageTests.NavigationMenuPageTest" time="48.589" errors="0" timestamp="30 Aug 2019 02:12:40 GMT" skipped="0">
  <testcase classname="packageTests.NavigationMenuPageTest" name="navigationMenuTest" time="48.589"/>
</testsuite> <!-- packageTests.NavigationMenuPageTest -->
