<?xml version="1.0" encoding="UTF-8"?>
<!-- Generated by org.testng.reporters.JUnitReportReporter -->
<testsuite hostname="DESKTOP-NODC9QO" failures="0" tests="1" name="packageTests.SignIntest" time="15.565" errors="0" timestamp="31 Aug 2019 17:28:03 GMT" skipped="0">
  <testcase classname="packageTests.SignIntest" name="sigIn" time="15.565"/>
</testsuite> <!-- packageTests.SignIntest -->
