<?xml version="1.0" encoding="UTF-8"?>
<!-- Generated by org.testng.reporters.JUnitReportReporter -->
<testsuite hostname="DESKTOP-NODC9QO" failures="0" tests="1" name="packageTests.SignIntest" time="9.140" errors="0" timestamp="30 Aug 2019 18:09:17 GMT" skipped="0">
  <testcase classname="packageTests.SignIntest" name="sigIn" time="9.140"/>
</testsuite> <!-- packageTests.SignIntest -->
