<?xml version="1.0" encoding="UTF-8"?>
<!-- Generated by org.testng.reporters.JUnitReportReporter -->
<testsuite hostname="DESKTOP-NODC9QO" failures="0" tests="1" name="packageTests.MainPageTest" time="12.960" errors="0" timestamp="31 Aug 2019 17:16:28 GMT" skipped="0">
  <testcase classname="packageTests.MainPageTest" name="searchFieldTest" time="12.960"/>
</testsuite> <!-- packageTests.MainPageTest -->
