<?xml version="1.0" encoding="UTF-8"?>
<!-- Generated by org.testng.reporters.JUnitReportReporter -->
<testsuite hostname="DESKTOP-NODC9QO" failures="0" tests="1" name="packageTests.MainPageTest" time="19.840" errors="0" timestamp="30 Aug 2019 18:06:44 GMT" skipped="0">
  <testcase classname="packageTests.MainPageTest" name="searchFieldTest" time="19.840"/>
</testsuite> <!-- packageTests.MainPageTest -->
