<?xml version="1.0" encoding="UTF-8"?>
<!-- Generated by org.testng.reporters.JUnitReportReporter -->
<testsuite hostname="DESKTOP-NODC9QO" failures="0" tests="4" name="paketTestovi.Test2" time="81.240" errors="0" timestamp="30 Aug 2019 00:15:56 GMT" skipped="0">
  <testcase classname="paketTestovi.Test2" name="searchFieldTest" time="64.329"/>
  <testcase classname="paketTestovi.Test2" name="uploadTest" time="2.871"/>
  <testcase classname="paketTestovi.Test2" name="signInTest" time="2.551"/>
  <testcase classname="paketTestovi.Test2" name="forgotPasswordTest" time="11.489"/>
</testsuite> <!-- paketTestovi.Test2 -->
