<?xml version="1.0" encoding="UTF-8"?>
<!-- Generated by org.testng.reporters.JUnitReportReporter -->
<testsuite hostname="DESKTOP-NODC9QO" failures="0" tests="3" name="paketTestovi.Test1" time="24.390" errors="0" timestamp="30 Aug 2019 00:17:03 GMT" skipped="0">
  <testcase classname="paketTestovi.Test1" name="topCollectionItemsTest" time="6.797"/>
  <testcase classname="paketTestovi.Test1" name="topCollectionTest" time="6.996"/>
  <testcase classname="paketTestovi.Test1" name="navigationMenuTest" time="10.597"/>
</testsuite> <!-- paketTestovi.Test1 -->
