<?xml version="1.0" encoding="UTF-8"?>
<!-- Generated by org.testng.reporters.JUnitReportReporter -->
<testsuite hostname="DESKTOP-NODC9QO" failures="0" tests="4" name="packageTests.NavigationMenuPageTests" time="36.866" errors="0" timestamp="31 Aug 2019 17:15:44 GMT" skipped="0">
  <testcase classname="packageTests.NavigationMenuPageTests" name="navigationMenuTest" time="11.253"/>
  <testcase classname="packageTests.NavigationMenuPageTests" name="uploadTest" time="2.131"/>
  <testcase classname="packageTests.NavigationMenuPageTests" name="forgotPasswordTest" time="8.639"/>
  <testcase classname="packageTests.NavigationMenuPageTests" name="navBarSearchTest" time="14.843"/>
</testsuite> <!-- packageTests.NavigationMenuPageTests -->
