<?xml version="1.0" encoding="UTF-8"?>
<!-- Generated by org.testng.reporters.JUnitReportReporter -->
<testsuite hostname="DESKTOP-NODC9QO" failures="0" tests="2" name="packageTests.TopCollectionsMainPageTests" time="15.488" errors="0" timestamp="31 Aug 2019 17:19:25 GMT" skipped="0">
  <testcase classname="packageTests.TopCollectionsMainPageTests" name="topCollectionItemsTest" time="8.184"/>
  <testcase classname="packageTests.TopCollectionsMainPageTests" name="topCollectionItemResultsTest" time="7.304"/>
</testsuite> <!-- packageTests.TopCollectionsMainPageTests -->
