<?xml version="1.0" encoding="UTF-8"?>
<!-- Generated by org.testng.reporters.JUnitReportReporter -->
<testsuite hostname="DESKTOP-NODC9QO" failures="0" tests="3" name="packageTests.NavigationMenuPageTests" time="34.148" errors="0" timestamp="30 Aug 2019 18:07:50 GMT" skipped="0">
  <testcase classname="packageTests.NavigationMenuPageTests" name="navigationMenuTest" time="11.994"/>
  <testcase classname="packageTests.NavigationMenuPageTests" name="uploadTest" time="2.820"/>
  <testcase classname="packageTests.NavigationMenuPageTests" name="forgotPasswordTest" time="19.334"/>
</testsuite> <!-- packageTests.NavigationMenuPageTests -->
